[0314/192425:ERROR:process_info.cc(330)] VirtualQueryEx: Access is denied. (0x5)
[0314/192425:ERROR:process_info.cc(547)] ReadMemoryInfo failed
[0314/192425:ERROR:process_info.cc(608)] range at 0x76feab40, size 0x24 fully unreadable
[0314/192425:ERROR:process_info.cc(608)] range at 0x76eebc84, size 0x12 fully unreadable
[0314/192425:ERROR:process_info.cc(608)] range at 0x76eebc84, size 0x12 fully unreadable
[0314/192425:ERROR:process_info.cc(608)] range at 0x76eebc84, size 0x12 fully unreadable
[0314/192425:ERROR:process_info.cc(608)] range at 0x76fe84b8, size 0x18 fully unreadable
[0314/192425:ERROR:process_info.cc(608)] range at 0x76fe883c, size 0x20 fully unreadable
[0314/192425:ERROR:process_reader_win.cc(141)] SuspendThread: Access is denied. (0x5)
[0314/192425:ERROR:process_reader_win.cc(232)] ReadMemory at 0x6b5b0000 of 64 bytes failed: Only part of a ReadProcessMemory or WriteProcessMemory request was completed. (0x12B)
[0314/192425:WARNING:pe_image_reader.cc(280)] could not read dos header from C:\WINDOWS\SYSTEM32\USP10.dll
[0314/192425:ERROR:process_reader_win.cc(232)] ReadMemory at 0x72c30000 of 64 bytes failed: Only part of a ReadProcessMemory or WriteProcessMemory request was completed. (0x12B)
[0314/192425:WARNING:pe_image_reader.cc(280)] could not read dos header from C:\WINDOWS\SYSTEM32\Secur32.dll
[0314/192425:ERROR:process_reader_win.cc(232)] ReadMemory at 0x55750000 of 64 bytes failed: Only part of a ReadProcessMemory or WriteProcessMemory request was completed. (0x12B)
[0314/192425:WARNING:pe_image_reader.cc(280)] could not read dos header from C:\Program Files (x86)\Google\Chrome\Application\49.0.2623.87\chrome_child.dll
[0314/192425:ERROR:process_reader_win.cc(232)] ReadMemory at 0x6f420000 of 64 bytes failed: Only part of a ReadProcessMemory or WriteProcessMemory request was completed. (0x12B)
[0314/192425:WARNING:pe_image_reader.cc(280)] could not read dos header from C:\WINDOWS\SYSTEM32\dwrite.dll
[0314/192425:ERROR:exception_snapshot_win.cc(56)] thread ID 7380 not found in process
[0314/192425:WARNING:crash_report_exception_handler.cc(60)] ProcessSnapshotWin::InitializeException failed
[0314/192425:ERROR:scoped_process_suspend.cc(38)] NtResumeProcess, ntstatus=-1073741558
